2024-12-01 15:56:20,374 INFO: Flask Web App startup [in C:\Users\Jay-c\Videos\Neo\flask_web_app\app.py:322]
2024-12-01 15:57:12,167 INFO: Flask Web App startup [in C:\Users\Jay-c\Videos\Neo\flask_web_app\app.py:325]
2024-12-01 15:57:13,265 INFO: Flask Web App startup [in C:\Users\Jay-c\Videos\Neo\flask_web_app\app.py:325]
2024-12-01 16:16:52,636 INFO: Flask Web App startup [in C:\Users\Jay-c\Videos\Neo\flask_web_app\app.py:345]
2024-12-01 16:18:37,091 INFO: Flask Web App startup [in C:\Users\Jay-c\Videos\Neo\flask_web_app\app.py:345]
2024-12-01 16:19:26,801 INFO: Flask Web App startup [in C:\Users\Jay-c\Videos\Neo\flask_web_app\app.py:353]
2024-12-01 16:19:37,745 INFO: Flask Web App startup [in C:\Users\Jay-c\Videos\Neo\flask_web_app\app.py:356]
2024-12-01 16:19:46,510 INFO: Flask Web App startup [in C:\Users\Jay-c\Videos\Neo\flask_web_app\app.py:356]
2024-12-01 16:20:59,615 INFO: Flask Web App startup [in C:\Users\Jay-c\Videos\Neo\flask_web_app\app.py:356]
2024-12-01 16:21:16,120 INFO: Flask Web App startup [in C:\Users\Jay-c\Videos\Neo\flask_web_app\app.py:359]
2024-12-01 16:21:29,640 WARNING: Failed login attempt for user admin [in C:\Users\Jay-c\Videos\Neo\flask_web_app\app.py:252]
2024-12-01 16:21:40,791 WARNING: Failed login attempt for user admin [in C:\Users\Jay-c\Videos\Neo\flask_web_app\app.py:252]
2024-12-01 16:22:07,385 INFO: Successful login for user admin [in C:\Users\Jay-c\Videos\Neo\flask_web_app\app.py:246]
2024-12-01 16:23:01,014 INFO: Successful login for user jesse@ [in C:\Users\Jay-c\Videos\Neo\flask_web_app\app.py:246]
2024-12-02 20:10:38,239 INFO: Flask Web App startup [in C:\Users\Jay-c\Videos\Neo\flask_web_app\app.py:359]
2024-12-02 20:10:40,013 INFO: Flask Web App startup [in C:\Users\Jay-c\Videos\Neo\flask_web_app\app.py:359]
2024-12-02 20:15:30,594 INFO: Flask Web App startup [in C:\Users\Jay-c\Videos\Neo\flask_web_app\app.py:359]
2024-12-02 20:15:54,293 INFO: Flask Web App startup [in C:\Users\Jay-c\Videos\Neo\flask_web_app\app.py:359]
2024-12-02 20:16:18,322 INFO: Flask Web App startup [in C:\Users\Jay-c\Videos\Neo\flask_web_app\app.py:359]
2024-12-02 20:16:48,346 INFO: Flask Web App startup [in C:\Users\Jay-c\Videos\Neo\flask_web_app\app.py:359]
2024-12-02 20:33:00,388 INFO: Flask Web App startup [in C:\Users\Jay-c\Videos\Neo\flask_web_app\app.py:376]
2024-12-02 20:33:02,230 INFO: Flask Web App startup [in C:\Users\Jay-c\Videos\Neo\flask_web_app\app.py:376]
2024-12-02 20:36:17,850 INFO: Flask Web App startup [in C:\Users\Jay-c\Videos\Neo\flask_web_app\app.py:376]
2024-12-02 20:38:08,904 INFO: Successful login for user jesse [in C:\Users\Jay-c\Videos\Neo\flask_web_app\app.py:263]
2024-12-02 20:38:26,907 INFO: Password reset requested for user jesse [in C:\Users\Jay-c\Videos\Neo\flask_web_app\app.py:487]
2024-12-02 23:12:34,127 INFO: Flask Web App startup [in C:\Users\Jay-c\Videos\Neo\flask_web_app\app.py:376]
2024-12-02 23:12:36,527 INFO: Flask Web App startup [in C:\Users\Jay-c\Videos\Neo\flask_web_app\app.py:376]
2024-12-02 23:12:50,620 INFO: Successful login for user admin [in C:\Users\Jay-c\Videos\Neo\flask_web_app\app.py:263]
2024-12-02 23:24:30,622 INFO: Successful login for user jesse [in C:\Users\Jay-c\Videos\Neo\flask_web_app\app.py:263]
2024-12-02 23:32:12,516 INFO: Flask Web App startup [in C:\Users\Jay-c\Videos\Neo\flask_web_app\app.py:379]
2024-12-02 23:35:54,779 INFO: Successful login for user jesse [in C:\Users\Jay-c\Videos\Neo\flask_web_app\app.py:263]
2024-12-02 23:56:20,032 INFO: Flask Web App startup [in C:\Users\Jay-c\Videos\Neo\flask_web_app\app.py:388]
2024-12-02 23:56:22,468 INFO: Flask Web App startup [in C:\Users\Jay-c\Videos\Neo\flask_web_app\app.py:388]
2024-12-02 23:56:49,300 INFO: Successful login for user jesse@ [in C:\Users\Jay-c\Videos\Neo\flask_web_app\app.py:272]
2024-12-03 00:10:41,781 INFO: Flask Web App startup [in C:\Users\Jay-c\Videos\Neo\flask_web_app\app.py:388]
2024-12-03 00:10:43,643 INFO: Flask Web App startup [in C:\Users\Jay-c\Videos\Neo\flask_web_app\app.py:388]
2024-12-03 00:11:26,739 INFO: Successful login for user jesse [in C:\Users\Jay-c\Videos\Neo\flask_web_app\app.py:272]
2024-12-03 00:12:39,533 INFO: Flask Web App startup [in C:\Users\Jay-c\Videos\Neo\flask_web_app\app.py:401]
2024-12-03 00:13:17,262 INFO: Successful login for user jesse [in C:\Users\Jay-c\Videos\Neo\flask_web_app\app.py:285]
2024-12-03 22:29:50,475 INFO: Flask Web App startup [in D:\jess\Neo\Neo\flask_web_app\app.py:401]
2024-12-03 22:29:52,030 INFO: Flask Web App startup [in D:\jess\Neo\Neo\flask_web_app\app.py:401]
2024-12-03 22:33:34,114 WARNING: Failed login attempt for user admin [in D:\jess\Neo\Neo\flask_web_app\app.py:291]
2024-12-03 22:33:50,391 WARNING: Failed login attempt for user Admin [in D:\jess\Neo\Neo\flask_web_app\app.py:291]
2024-12-03 22:35:22,344 INFO: Flask Web App startup [in D:\jess\Neo\Neo\flask_web_app\app.py:401]
2024-12-03 22:35:29,450 INFO: Flask Web App startup [in D:\jess\Neo\Neo\flask_web_app\app.py:401]
2024-12-03 22:35:54,156 WARNING: Failed login attempt for user admin [in D:\jess\Neo\Neo\flask_web_app\app.py:291]
2024-12-03 22:36:10,533 INFO: Successful login for user admin [in D:\jess\Neo\Neo\flask_web_app\app.py:285]
2024-12-03 22:37:32,153 INFO: Successful login for user collin779 [in D:\jess\Neo\Neo\flask_web_app\app.py:285]
2024-12-03 23:38:40,417 INFO: Successful login for user admin [in D:\jess\Neo\Neo\flask_web_app\app.py:285]
2024-12-03 23:38:46,204 INFO: Successful login for user collin779 [in D:\jess\Neo\Neo\flask_web_app\app.py:285]
2024-12-04 00:21:05,713 INFO: Flask Web App startup [in D:\jess\Neo\Neo\flask_web_app\app.py:401]
2024-12-04 00:26:29,351 INFO: Flask Web App startup [in D:\jess\Neo\Neo\flask_web_app\app.py:409]
2024-12-04 00:26:30,269 INFO: Flask Web App startup [in D:\jess\Neo\Neo\flask_web_app\app.py:409]
2024-12-04 00:26:46,462 WARNING: Failed login attempt for user collin779 [in D:\jess\Neo\Neo\flask_web_app\app.py:299]
2024-12-04 00:27:24,516 INFO: Successful login for user collin779 [in D:\jess\Neo\Neo\flask_web_app\app.py:293]
2024-12-04 01:07:06,485 INFO: Flask Web App startup [in D:\jess\Neo\Neo\flask_web_app\app.py:409]
